<?xml version="1.0" encoding="UTF-8"?>
<testng-results ignored="0" total="1" passed="1" failed="0" skipped="0">
  <reporter-output>
    <line>
      <![CDATA[createCustomer]]>
    </line>
  </reporter-output>
  <suite started-at="2022-05-03T06:30:51Z" name="Suite" finished-at="2022-05-03T06:30:51Z" duration-ms="38">
    <groups>
    </groups>
    <test started-at="2022-05-03T06:30:51Z" name="Test" finished-at="2022-05-03T06:30:51Z" duration-ms="38">
      <class name="com.actitime.testscript.CustomerModule">
        <test-method signature="createCustomer()[pri:0, instance:com.actitime.testscript.CustomerModule@258d79be]" started-at="2022-05-03T06:30:51Z" name="createCustomer" finished-at="2022-05-03T06:30:51Z" duration-ms="9" status="PASS">
          <reporter-output>
            <line>
              <![CDATA[createCustomer]]>
            </line>
          </reporter-output>
        </test-method> <!-- createCustomer -->
      </class> <!-- com.actitime.testscript.CustomerModule -->
    </test> <!-- Test -->
  </suite> <!-- Suite -->
</testng-results>
